{
  "RSpec": {
    "coverage": {
      "/Users/chadcrissman/Sites/g5/g5-widget-garden/config/environment.rb": [
        null,
        1,
        null,
        null,
        1
      ],
      "/Users/chadcrissman/Sites/g5/g5-widget-garden/config/application.rb": [
        1,
        null,
        null,
        null,
        1,
        1,
        null,
        1,
        1,
        null,
        1,
        null,
        null,
        null,
        1,
        null,
        null,
        1,
        1,
        1,
        null,
        null,
        null,
        null,
        null,
        null,
        null,
        null,
        null,
        null,
        null,
        null,
        null,
        null,
        null,
        null,
        null,
        null,
        null,
        null,
        null,
        null,
        1,
        null,
        null,
        1,
        null,
        null,
        1,
        null,
        null,
        null,
        null,
        null,
        null,
        null,
        null,
        null,
        null,
        null,
        null,
        null,
        1,
        null,
        null,
        1,
        null,
        null,
        1,
        null,
        null
      ],
      "/Users/chadcrissman/Sites/g5/g5-widget-garden/config/boot.rb": [
        1,
        null,
        null,
        1,
        null,
        1
      ],
      "/Users/chadcrissman/Sites/g5/g5-widget-garden/config/environments/test.rb": [
        1,
        null,
        null,
        null,
        null,
        null,
        null,
        1,
        null,
        null,
        1,
        1,
        null,
        null,
        1,
        null,
        null,
        1,
        1,
        null,
        null,
        1,
        null,
        null,
        1,
        null,
        null,
        null,
        null,
        1,
        null,
        null,
        null,
        null,
        null,
        1,
        null
      ],
      "/Users/chadcrissman/Sites/g5/g5-widget-garden/config/initializers/backtrace_silencers.rb": [
        null,
        null,
        null,
        null,
        null,
        null,
        null
      ],
      "/Users/chadcrissman/Sites/g5/g5-widget-garden/config/initializers/honeybadger.rb": [
        null,
        0,
        1
      ],
      "/Users/chadcrissman/Sites/g5/g5-widget-garden/config/initializers/inflections.rb": [
        null,
        null,
        null,
        null,
        null,
        null,
        null,
        null,
        null,
        null,
        null,
        null,
        null,
        null,
        null
      ],
      "/Users/chadcrissman/Sites/g5/g5-widget-garden/config/initializers/mime_types.rb": [
        null,
        null,
        null,
        null,
        null
      ],
      "/Users/chadcrissman/Sites/g5/g5-widget-garden/config/initializers/secret_token.rb": [
        null,
        null,
        null,
        null,
        null,
        null,
        1
      ],
      "/Users/chadcrissman/Sites/g5/g5-widget-garden/config/initializers/session_store.rb": [
        null,
        null,
        1,
        null,
        null,
        null,
        null,
        null
      ],
      "/Users/chadcrissman/Sites/g5/g5-widget-garden/config/initializers/wrap_parameters.rb": [
        null,
        null,
        null,
        null,
        null,
        null,
        1,
        1,
        null,
        null,
        null,
        1,
        0,
        null
      ],
      "/Users/chadcrissman/Sites/g5/g5-widget-garden/app/controllers/application_controller.rb": [
        1,
        1,
        null
      ],
      "/Users/chadcrissman/Sites/g5/g5-widget-garden/app/helpers/application_helper.rb": [
        1,
        null
      ],
      "/Users/chadcrissman/Sites/g5/g5-widget-garden/app/controllers/components_controller.rb": [
        1,
        1,
        11,
        11,
        396,
        null,
        null,
        null,
        null,
        1,
        0,
        0,
        0,
        null,
        null,
        null
      ],
      "/Users/chadcrissman/Sites/g5/g5-widget-garden/app/decorators/component_decorator.rb": [
        1,
        1,
        400,
        400,
        null,
        null,
        1,
        2676,
        2676,
        2676,
        2676,
        2676,
        null,
        null,
        1,
        4955,
        null,
        null
      ],
      "/Users/chadcrissman/Sites/g5/g5-widget-garden/config/routes.rb": [
        1,
        1,
        1,
        1,
        null
      ],
      "/Users/chadcrissman/Sites/g5/g5-widget-garden/spec/integration/components_path_spec.rb": [
        1,
        null,
        1,
        1,
        11,
        null,
        null,
        1,
        1,
        null,
        null,
        1,
        1,
        null,
        null,
        1,
        1,
        1,
        36,
        null,
        null,
        null,
        1,
        1,
        36,
        null,
        null,
        null,
        1,
        1,
        36,
        null,
        null,
        null,
        1,
        1,
        36,
        null,
        null,
        null,
        1,
        1,
        36,
        null,
        null,
        null,
        1,
        1,
        36,
        null,
        null,
        null,
        null,
        1,
        1,
        1,
        null,
        null,
        1,
        1,
        null,
        null,
        1,
        1,
        null,
        null,
        null
      ],
      "/Users/chadcrissman/Sites/g5/g5-widget-garden/spec/lib/g5_component_garden_spec.rb": [
        1,
        1,
        null,
        1,
        1,
        38,
        null,
        null,
        1,
        3,
        null,
        1,
        1,
        null,
        1,
        1,
        null,
        null,
        null,
        1,
        37,
        null,
        1,
        1,
        null,
        null,
        1,
        1,
        1,
        null,
        null,
        1,
        1,
        null,
        null,
        null,
        1,
        1,
        1,
        null,
        null,
        1,
        1,
        null,
        null,
        null,
        1,
        1,
        1,
        null,
        null,
        1,
        1,
        null,
        null,
        null,
        1,
        1,
        1,
        null,
        null,
        1,
        1,
        null,
        null,
        null,
        1,
        1,
        1,
        null,
        null,
        1,
        1,
        null,
        null,
        null,
        1,
        1,
        1,
        null,
        null,
        1,
        1,
        1,
        null,
        null,
        1,
        1,
        1,
        null,
        null,
        null,
        1,
        1,
        1,
        null,
        null,
        1,
        1,
        1,
        null,
        null,
        null,
        null,
        1,
        1,
        1,
        null,
        null,
        1,
        1,
        null,
        null,
        null,
        1,
        1,
        1,
        null,
        null,
        1,
        1,
        null,
        null,
        null,
        1,
        1,
        1,
        null,
        null,
        1,
        1,
        null,
        null,
        null,
        1,
        1,
        1,
        null,
        null,
        1,
        1,
        null,
        null,
        null,
        1,
        1,
        1,
        null,
        null,
        1,
        1,
        null,
        null,
        null,
        1,
        1,
        1,
        null,
        null,
        1,
        1,
        null,
        null,
        null,
        1,
        3,
        null,
        1,
        1,
        null,
        null,
        1,
        1,
        null,
        null,
        1,
        3,
        null,
        1,
        1,
        null,
        null,
        1,
        1,
        null,
        null,
        null,
        1,
        1,
        1,
        null,
        null,
        1,
        4,
        null,
        1,
        1,
        null,
        null,
        1,
        1,
        null,
        null,
        1,
        1,
        null,
        null,
        null,
        null,
        null,
        null
      ],
      "/Users/chadcrissman/Sites/g5/g5-widget-garden/lib/g5_component_garden.rb": [
        1,
        null,
        1,
        1,
        null,
        1,
        1,
        null,
        null,
        null,
        11,
        null,
        null,
        1,
        null,
        13,
        null,
        13,
        398,
        null,
        null,
        null,
        1,
        null,
        36,
        null,
        36,
        null,
        null,
        1,
        null,
        434,
        434,
        null,
        null,
        434,
        434,
        null,
        434,
        434,
        null,
        434,
        434,
        null,
        434,
        null,
        434,
        434,
        null,
        434,
        null,
        null,
        1,
        434,
        38,
        null,
        434,
        181,
        null,
        null,
        null,
        1,
        472,
        null,
        null,
        1,
        615,
        null,
        null,
        1,
        1299,
        null,
        null,
        1,
        1299,
        null,
        null,
        1,
        2686,
        434,
        769,
        769,
        856,
        null,
        null,
        434,
        null,
        null,
        1,
        2686,
        null,
        null,
        1,
        483,
        null,
        null,
        1,
        1625,
        null,
        null,
        1,
        434,
        null,
        null,
        1,
        434,
        434,
        null,
        null,
        433,
        null,
        null,
        434,
        null,
        null,
        433,
        null,
        null,
        434,
        null,
        null,
        1,
        866,
        null,
        null,
        null,
        null
      ]
    },
    "timestamp": 1394141513
  }
}
